
*** Running vivado
    with args -log block_1_xup_and3_0_1.vds -m64 -product Vivado -mode batch -messageDb vivado.pb -notrace -source block_1_xup_and3_0_1.tcl


ECHO is off.
ECHO is off.

****** Vivado v2023.1 (64-bit)
  **** SW Build 3865809 on Sun May  7 15:05:29 MDT 2023
  **** IP Build 3864474 on Sun May  7 20:36:21 MDT 2023
  **** SharedData Build 3865790 on Sun May 07 13:33:03 MDT 2023
    ** Copyright 1986-2022 Xilinx, Inc. All Rights Reserved.
    ** Copyright 2022-2023 Advanced Micro Devices, Inc. All Rights Reserved.

source block_1_xup_and3_0_1.tcl -notrace
create_project: Time (s): cpu = 00:00:05 ; elapsed = 00:00:06 . Memory (MB): peak = 434.488 ; gain = 164.754
INFO: [IP_Flow 19-234] Refreshing IP repositories
INFO: [IP_Flow 19-1700] Loaded user IP repository 'c:/Users/tolga/Desktop/Projects/vivado/lab_6/lab_6_ip/lab_6_ip.srcs'.
INFO: [IP_Flow 19-1700] Loaded user IP repository 'c:/Xilinx/Library'.
INFO: [IP_Flow 19-2313] Loaded Vivado IP repository 'C:/Xilinx/Vivado/2023.1/data/ip'.
INFO: [IP_Flow 19-6924] IPCACHE: Running cache check for IP inst: block_1_xup_and3_0_1
INFO: [IP_Flow 19-6922] IPCACHE: Exporting cached entry 0c54369edefea8e8 to dir: C:/Users/tolga/Desktop/Projects/vivado/lab_6/lab_6_ip/lab_6_ip.runs/block_1_xup_and3_0_1_synth_1
INFO: [IP_Flow 19-6928] IPCACHE: copied cached file c:/Users/tolga/Desktop/Projects/vivado/lab_6/lab_6_ip/lab_6_ip.cache/ip/2023.1/0/c/0c54369edefea8e8/block_1_xup_and3_2_0.dcp to C:/Users/tolga/Desktop/Projects/vivado/lab_6/lab_6_ip/lab_6_ip.runs/block_1_xup_and3_0_1_synth_1/block_1_xup_and3_0_1.dcp.
INFO: [IP_Flow 19-6928] IPCACHE: copied cached file c:/Users/tolga/Desktop/Projects/vivado/lab_6/lab_6_ip/lab_6_ip.cache/ip/2023.1/0/c/0c54369edefea8e8/block_1_xup_and3_2_0_sim_netlist.v to C:/Users/tolga/Desktop/Projects/vivado/lab_6/lab_6_ip/lab_6_ip.runs/block_1_xup_and3_0_1_synth_1/block_1_xup_and3_0_1_sim_netlist.v.
INFO: [IP_Flow 19-6928] IPCACHE: copied cached file c:/Users/tolga/Desktop/Projects/vivado/lab_6/lab_6_ip/lab_6_ip.cache/ip/2023.1/0/c/0c54369edefea8e8/block_1_xup_and3_2_0_sim_netlist.vhdl to C:/Users/tolga/Desktop/Projects/vivado/lab_6/lab_6_ip/lab_6_ip.runs/block_1_xup_and3_0_1_synth_1/block_1_xup_and3_0_1_sim_netlist.vhdl.
INFO: [IP_Flow 19-6928] IPCACHE: copied cached file c:/Users/tolga/Desktop/Projects/vivado/lab_6/lab_6_ip/lab_6_ip.cache/ip/2023.1/0/c/0c54369edefea8e8/block_1_xup_and3_2_0_stub.v to C:/Users/tolga/Desktop/Projects/vivado/lab_6/lab_6_ip/lab_6_ip.runs/block_1_xup_and3_0_1_synth_1/block_1_xup_and3_0_1_stub.v.
INFO: [IP_Flow 19-6928] IPCACHE: copied cached file c:/Users/tolga/Desktop/Projects/vivado/lab_6/lab_6_ip/lab_6_ip.cache/ip/2023.1/0/c/0c54369edefea8e8/block_1_xup_and3_2_0_stub.vhdl to C:/Users/tolga/Desktop/Projects/vivado/lab_6/lab_6_ip/lab_6_ip.runs/block_1_xup_and3_0_1_synth_1/block_1_xup_and3_0_1_stub.vhdl.
INFO: [IP_Flow 19-4838] Using cached IP synthesis design for IP block_1_xup_and3_0_1, cache-ID = 0c54369edefea8e8.
INFO: [Common 17-206] Exiting Vivado at Wed Dec  6 21:17:57 2023...
