
*** Running vivado
    with args -log design_1_xup_inv_0_1.vds -m64 -product Vivado -mode batch -messageDb vivado.pb -notrace -source design_1_xup_inv_0_1.tcl


ECHO is off.
ECHO is off.

****** Vivado v2023.1 (64-bit)
  **** SW Build 3865809 on Sun May  7 15:05:29 MDT 2023
  **** IP Build 3864474 on Sun May  7 20:36:21 MDT 2023
  **** SharedData Build 3865790 on Sun May 07 13:33:03 MDT 2023
    ** Copyright 1986-2022 Xilinx, Inc. All Rights Reserved.
    ** Copyright 2022-2023 Advanced Micro Devices, Inc. All Rights Reserved.

source design_1_xup_inv_0_1.tcl -notrace
create_project: Time (s): cpu = 00:00:04 ; elapsed = 00:00:05 . Memory (MB): peak = 435.328 ; gain = 164.027
INFO: [IP_Flow 19-234] Refreshing IP repositories
INFO: [IP_Flow 19-1700] Loaded user IP repository 'c:/Xilinx/Library'.
INFO: [IP_Flow 19-2313] Loaded Vivado IP repository 'C:/Xilinx/Vivado/2023.1/data/ip'.
INFO: [IP_Flow 19-6924] IPCACHE: Running cache check for IP inst: design_1_xup_inv_0_1
INFO: [IP_Flow 19-6922] IPCACHE: Exporting cached entry 6a989db0a14bfed5 to dir: C:/Users/tolga/Desktop/Projects/vivado/lab_7/lab_7/lab_7.runs/design_1_xup_inv_0_1_synth_1
INFO: [IP_Flow 19-6928] IPCACHE: copied cached file c:/Users/tolga/Desktop/Projects/vivado/lab_7/lab_7/lab_7.cache/ip/2023.1/6/a/6a989db0a14bfed5/design_1_xup_inv_0_0.dcp to C:/Users/tolga/Desktop/Projects/vivado/lab_7/lab_7/lab_7.runs/design_1_xup_inv_0_1_synth_1/design_1_xup_inv_0_1.dcp.
INFO: [IP_Flow 19-6928] IPCACHE: copied cached file c:/Users/tolga/Desktop/Projects/vivado/lab_7/lab_7/lab_7.cache/ip/2023.1/6/a/6a989db0a14bfed5/design_1_xup_inv_0_0_sim_netlist.v to C:/Users/tolga/Desktop/Projects/vivado/lab_7/lab_7/lab_7.runs/design_1_xup_inv_0_1_synth_1/design_1_xup_inv_0_1_sim_netlist.v.
INFO: [IP_Flow 19-6928] IPCACHE: copied cached file c:/Users/tolga/Desktop/Projects/vivado/lab_7/lab_7/lab_7.cache/ip/2023.1/6/a/6a989db0a14bfed5/design_1_xup_inv_0_0_sim_netlist.vhdl to C:/Users/tolga/Desktop/Projects/vivado/lab_7/lab_7/lab_7.runs/design_1_xup_inv_0_1_synth_1/design_1_xup_inv_0_1_sim_netlist.vhdl.
INFO: [IP_Flow 19-6928] IPCACHE: copied cached file c:/Users/tolga/Desktop/Projects/vivado/lab_7/lab_7/lab_7.cache/ip/2023.1/6/a/6a989db0a14bfed5/design_1_xup_inv_0_0_stub.v to C:/Users/tolga/Desktop/Projects/vivado/lab_7/lab_7/lab_7.runs/design_1_xup_inv_0_1_synth_1/design_1_xup_inv_0_1_stub.v.
INFO: [IP_Flow 19-6928] IPCACHE: copied cached file c:/Users/tolga/Desktop/Projects/vivado/lab_7/lab_7/lab_7.cache/ip/2023.1/6/a/6a989db0a14bfed5/design_1_xup_inv_0_0_stub.vhdl to C:/Users/tolga/Desktop/Projects/vivado/lab_7/lab_7/lab_7.runs/design_1_xup_inv_0_1_synth_1/design_1_xup_inv_0_1_stub.vhdl.
INFO: [IP_Flow 19-4838] Using cached IP synthesis design for IP design_1_xup_inv_0_1, cache-ID = 6a989db0a14bfed5.
INFO: [Common 17-206] Exiting Vivado at Thu Dec  7 08:31:49 2023...
