
*** Running vivado
    with args -log design_1_xup_dff_en_reset_0_0.vds -m64 -product Vivado -mode batch -messageDb vivado.pb -notrace -source design_1_xup_dff_en_reset_0_0.tcl


ECHO is off.
ECHO is off.

****** Vivado v2023.1 (64-bit)
  **** SW Build 3865809 on Sun May  7 15:05:29 MDT 2023
  **** IP Build 3864474 on Sun May  7 20:36:21 MDT 2023
  **** SharedData Build 3865790 on Sun May 07 13:33:03 MDT 2023
    ** Copyright 1986-2022 Xilinx, Inc. All Rights Reserved.
    ** Copyright 2022-2023 Advanced Micro Devices, Inc. All Rights Reserved.

source design_1_xup_dff_en_reset_0_0.tcl -notrace
create_project: Time (s): cpu = 00:00:05 ; elapsed = 00:00:06 . Memory (MB): peak = 434.398 ; gain = 164.168
INFO: [IP_Flow 19-234] Refreshing IP repositories
INFO: [IP_Flow 19-1700] Loaded user IP repository 'c:/Xilinx/Library'.
INFO: [IP_Flow 19-1700] Loaded user IP repository 'c:/Users/tolga/Desktop/lab11_vivado/bouncer/bouncer.srcs'.
INFO: [IP_Flow 19-2313] Loaded Vivado IP repository 'C:/Xilinx/Vivado/2023.1/data/ip'.
INFO: [IP_Flow 19-6924] IPCACHE: Running cache check for IP inst: design_1_xup_dff_en_reset_0_0
INFO: [IP_Flow 19-6922] IPCACHE: Exporting cached entry da7ab32a3fd149b0 to dir: C:/Users/tolga/Desktop/lab11_vivado/question1/question1.runs/design_1_xup_dff_en_reset_0_0_synth_1
INFO: [IP_Flow 19-6928] IPCACHE: copied cached file c:/Users/tolga/Desktop/lab11_vivado/question1/question1.cache/ip/2023.1/d/a/da7ab32a3fd149b0/design_1_A_0.dcp to C:/Users/tolga/Desktop/lab11_vivado/question1/question1.runs/design_1_xup_dff_en_reset_0_0_synth_1/design_1_xup_dff_en_reset_0_0.dcp.
INFO: [IP_Flow 19-6928] IPCACHE: copied cached file c:/Users/tolga/Desktop/lab11_vivado/question1/question1.cache/ip/2023.1/d/a/da7ab32a3fd149b0/design_1_A_0_sim_netlist.v to C:/Users/tolga/Desktop/lab11_vivado/question1/question1.runs/design_1_xup_dff_en_reset_0_0_synth_1/design_1_xup_dff_en_reset_0_0_sim_netlist.v.
INFO: [IP_Flow 19-6928] IPCACHE: copied cached file c:/Users/tolga/Desktop/lab11_vivado/question1/question1.cache/ip/2023.1/d/a/da7ab32a3fd149b0/design_1_A_0_sim_netlist.vhdl to C:/Users/tolga/Desktop/lab11_vivado/question1/question1.runs/design_1_xup_dff_en_reset_0_0_synth_1/design_1_xup_dff_en_reset_0_0_sim_netlist.vhdl.
INFO: [IP_Flow 19-6928] IPCACHE: copied cached file c:/Users/tolga/Desktop/lab11_vivado/question1/question1.cache/ip/2023.1/d/a/da7ab32a3fd149b0/design_1_A_0_stub.v to C:/Users/tolga/Desktop/lab11_vivado/question1/question1.runs/design_1_xup_dff_en_reset_0_0_synth_1/design_1_xup_dff_en_reset_0_0_stub.v.
INFO: [IP_Flow 19-6928] IPCACHE: copied cached file c:/Users/tolga/Desktop/lab11_vivado/question1/question1.cache/ip/2023.1/d/a/da7ab32a3fd149b0/design_1_A_0_stub.vhdl to C:/Users/tolga/Desktop/lab11_vivado/question1/question1.runs/design_1_xup_dff_en_reset_0_0_synth_1/design_1_xup_dff_en_reset_0_0_stub.vhdl.
INFO: [IP_Flow 19-4838] Using cached IP synthesis design for IP design_1_xup_dff_en_reset_0_0, cache-ID = da7ab32a3fd149b0.
INFO: [Common 17-206] Exiting Vivado at Thu Jan 11 09:01:42 2024...
