Vivado Simulator v2023.1
Copyright 1986-2022 Xilinx, Inc. All Rights Reserved.
Copyright 2022-2023 Advanced Micro Devices, Inc. All Rights Reserved.
Running: C:/Xilinx/Vivado/2023.1/bin/unwrapped/win64.o/xelab.exe --incr --debug typical --relax --mt 2 -L xil_defaultlib -L xlconcat_v2_1_4 -L xlconstant_v1_1_7 -L unisims_ver -L unimacro_ver -L secureip -L xpm --snapshot cfg_tb_design_1_wrapper_behav xil_defaultlib.cfg_tb_design_1_wrapper xil_defaultlib.glbl -log elaborate.log 
Using 2 slave threads.
Starting static elaboration
Pass Through NonSizing Optimizer
Completed static elaboration
Starting simulation data flow analysis
Completed simulation data flow analysis
Time Resolution for simulation is 1ps
Compiling package std.standard
Compiling package std.textio
Compiling package ieee.std_logic_1164
Compiling package ieee.numeric_std
Compiling package unisim.vcomponents
Compiling package ieee.vital_timing
Compiling package ieee.vital_primitives
Compiling package unisim.vpkg
Compiling package vl.vl_types
Compiling module xil_defaultlib.glbl
Compiling architecture vcc_v of entity unisim.VCC [vcc_default]
Compiling architecture lut6_v of entity unisim.LUT6 [\LUT6(init="11111111111111111111...]
Compiling architecture lut6_v of entity unisim.LUT6 [\LUT6(init="11111111111111111111...]
Compiling architecture lut6_v of entity unisim.LUT6 [\LUT6(init="11111111111111111111...]
Compiling architecture lut6_v of entity unisim.LUT6 [\LUT6(init="11111111111111111111...]
Compiling architecture lut5_v of entity unisim.LUT5 [\LUT5(init="11111111111111111000...]
Compiling architecture lut4_v of entity unisim.LUT4 [\LUT4(init="1111111111100000")(0...]
Compiling architecture structure of entity xil_defaultlib.design_1_bin2BCD_0_0 [design_1_bin2bcd_0_0_default]
Compiling architecture gnd_v of entity unisim.GND [gnd_default]
Compiling architecture lut4_v of entity unisim.LUT4 [\LUT4(init="0010000010010100")(0...]
Compiling architecture lut4_v of entity unisim.LUT4 [\LUT4(init="1010010011001000")(0...]
Compiling architecture lut4_v of entity unisim.LUT4 [\LUT4(init="1010001000010000")(0...]
Compiling architecture lut4_v of entity unisim.LUT4 [\LUT4(init="1100001000010100")(0...]
Compiling architecture lut4_v of entity unisim.LUT4 [\LUT4(init="0101011100010000")(0...]
Compiling architecture lut4_v of entity unisim.LUT4 [\LUT4(init="0101000110010000")(0...]
Compiling architecture lut4_v of entity unisim.LUT4 [\LUT4(init="0100000000100101")(0...]
Compiling architecture lut2_v of entity unisim.LUT2 [\LUT2(init="1110")(0,3)\]
Compiling architecture lut2_v of entity unisim.LUT2 [\LUT2(init="1011")(0,3)\]
Compiling architecture lut2_v of entity unisim.LUT2 [\LUT2(init="0111")(0,3)\]
Compiling architecture lut1_v of entity unisim.LUT1 [\LUT1(init="0001")(0,3)\]
Compiling architecture fdre_v of entity unisim.FDRE [fdre_default]
Compiling architecture carry4_v of entity unisim.CARRY4 [carry4_default]
Compiling architecture lut6_v of entity unisim.LUT6 [\LUT6(init="11110000111111111010...]
Compiling architecture structure of entity xil_defaultlib.design_1_seg7display_0_0_seg7display [design_1_seg7display_0_0_seg7dis...]
Compiling architecture structure of entity xil_defaultlib.design_1_seg7display_0_0 [design_1_seg7display_0_0_default]
Compiling module xlconcat_v2_1_4.xlconcat_v2_1_4_xlconcat(IN4_WID...
Compiling module xil_defaultlib.design_1_xlconcat_0_0
Compiling module xlconstant_v1_1_7.xlconstant_v1_1_7_xlconstant(CON...
Compiling module xil_defaultlib.design_1_xlconstant_0_0
Compiling module xlconstant_v1_1_7.xlconstant_v1_1_7_xlconstant(CON...
Compiling module xil_defaultlib.design_1_xlconstant_1_0
Compiling architecture structure of entity xil_defaultlib.design_1 [design_1_default]
Compiling architecture structure of entity xil_defaultlib.design_1_wrapper [design_1_wrapper_default]
Compiling architecture tb of entity xil_defaultlib.tb_design_1_wrapper [tb_design_1_wrapper]
Built simulation snapshot cfg_tb_design_1_wrapper_behav
