Copyright 1986-2022 Xilinx, Inc. All Rights Reserved. Copyright 2022-2023 Advanced Micro Devices, Inc. All Rights Reserved.
---------------------------------------------------------------------------------------------------------------------------------------------------------------------------------------------------------------------------
| Tool Version : Vivado v.2023.1 (win64) Build 3865809 Sun May  7 15:05:29 MDT 2023
| Date         : Wed Dec  6 22:48:56 2023
| Host         : Tolgahan running 64-bit major release  (build 9200)
| Command      : report_timing_summary -max_paths 10 -report_unconstrained -file question_2_timing_summary_routed.rpt -pb question_2_timing_summary_routed.pb -rpx question_2_timing_summary_routed.rpx -warn_on_violation
| Design       : question_2
| Device       : 7a35t-cpg236
| Speed File   : -1  PRODUCTION 1.23 2018-06-13
| Design State : Routed
---------------------------------------------------------------------------------------------------------------------------------------------------------------------------------------------------------------------------

Timing Summary Report

------------------------------------------------------------------------------------------------
| Timer Settings
| --------------
------------------------------------------------------------------------------------------------

  Enable Multi Corner Analysis               :  Yes
  Enable Pessimism Removal                   :  Yes
  Pessimism Removal Resolution               :  Nearest Common Node
  Enable Input Delay Default Clock           :  No
  Enable Preset / Clear Arcs                 :  No
  Disable Flight Delays                      :  No
  Ignore I/O Paths                           :  No
  Timing Early Launch at Borrowing Latches   :  No
  Borrow Time for Max Delay Exceptions       :  Yes
  Merge Timing Exceptions                    :  Yes

  Corner  Analyze    Analyze    
  Name    Max Paths  Min Paths  
  ------  ---------  ---------  
  Slow    Yes        Yes        
  Fast    Yes        Yes        


------------------------------------------------------------------------------------------------
| Report Methodology
| ------------------
------------------------------------------------------------------------------------------------

No report available as report_methodology has not been run prior. Run report_methodology on the current design for the summary of methodology violations.



check_timing report

Table of Contents
-----------------
1. checking no_clock (0)
2. checking constant_clock (0)
3. checking pulse_width_clock (0)
4. checking unconstrained_internal_endpoints (0)
5. checking no_input_delay (0)
6. checking no_output_delay (0)
7. checking multiple_clock (0)
8. checking generated_clocks (0)
9. checking loops (0)
10. checking partial_input_delay (0)
11. checking partial_output_delay (0)
12. checking latch_loops (0)

1. checking no_clock (0)
------------------------
 There are 0 register/latch pins with no clock.


2. checking constant_clock (0)
------------------------------
 There are 0 register/latch pins with constant_clock.


3. checking pulse_width_clock (0)
---------------------------------
 There are 0 register/latch pins which need pulse_width check


4. checking unconstrained_internal_endpoints (0)
------------------------------------------------
 There are 0 pins that are not constrained for maximum delay.

 There are 0 pins that are not constrained for maximum delay due to constant clock.


5. checking no_input_delay (0)
------------------------------
 There are 0 input ports with no input delay specified.

 There are 0 input ports with no input delay but user has a false path constraint.


6. checking no_output_delay (0)
-------------------------------
 There are 0 ports with no output delay specified.

 There are 0 ports with no output delay but user has a false path constraint

 There are 0 ports with no output delay but with a timing clock defined on it or propagating through it


7. checking multiple_clock (0)
------------------------------
 There are 0 register/latch pins with multiple clocks.


8. checking generated_clocks (0)
--------------------------------
 There are 0 generated clocks that are not connected to a clock source.


9. checking loops (0)
---------------------
 There are 0 combinational loops in the design.


10. checking partial_input_delay (0)
------------------------------------
 There are 0 input ports with partial input delay specified.


11. checking partial_output_delay (0)
-------------------------------------
 There are 0 ports with partial output delay specified.


12. checking latch_loops (0)
----------------------------
 There are 0 combinational latch loops in the design through latch input



------------------------------------------------------------------------------------------------
| Design Timing Summary
| ---------------------
------------------------------------------------------------------------------------------------

    WNS(ns)      TNS(ns)  TNS Failing Endpoints  TNS Total Endpoints      WHS(ns)      THS(ns)  THS Failing Endpoints  THS Total Endpoints     WPWS(ns)     TPWS(ns)  TPWS Failing Endpoints  TPWS Total Endpoints  
    -------      -------  ---------------------  -------------------      -------      -------  ---------------------  -------------------     --------     --------  ----------------------  --------------------  
        inf        0.000                      0                    4          inf        0.000                      0                    4           NA           NA                      NA                    NA  


There are no user specified timing constraints.


------------------------------------------------------------------------------------------------
| Clock Summary
| -------------
------------------------------------------------------------------------------------------------


------------------------------------------------------------------------------------------------
| Intra Clock Table
| -----------------
------------------------------------------------------------------------------------------------

Clock             WNS(ns)      TNS(ns)  TNS Failing Endpoints  TNS Total Endpoints      WHS(ns)      THS(ns)  THS Failing Endpoints  THS Total Endpoints     WPWS(ns)     TPWS(ns)  TPWS Failing Endpoints  TPWS Total Endpoints  
-----             -------      -------  ---------------------  -------------------      -------      -------  ---------------------  -------------------     --------     --------  ----------------------  --------------------  


------------------------------------------------------------------------------------------------
| Inter Clock Table
| -----------------
------------------------------------------------------------------------------------------------

From Clock    To Clock          WNS(ns)      TNS(ns)  TNS Failing Endpoints  TNS Total Endpoints      WHS(ns)      THS(ns)  THS Failing Endpoints  THS Total Endpoints  
----------    --------          -------      -------  ---------------------  -------------------      -------      -------  ---------------------  -------------------  


------------------------------------------------------------------------------------------------
| Other Path Groups Table
| -----------------------
------------------------------------------------------------------------------------------------

Path Group    From Clock    To Clock          WNS(ns)      TNS(ns)  TNS Failing Endpoints  TNS Total Endpoints      WHS(ns)      THS(ns)  THS Failing Endpoints  THS Total Endpoints  
----------    ----------    --------          -------      -------  ---------------------  -------------------      -------      -------  ---------------------  -------------------  


------------------------------------------------------------------------------------------------
| User Ignored Path Table
| -----------------------
------------------------------------------------------------------------------------------------

Path Group    From Clock    To Clock    
----------    ----------    --------    


------------------------------------------------------------------------------------------------
| Unconstrained Path Table
| ------------------------
------------------------------------------------------------------------------------------------

Path Group    From Clock    To Clock    
----------    ----------    --------    
(none)                                    


------------------------------------------------------------------------------------------------
| Timing Details
| --------------
------------------------------------------------------------------------------------------------


--------------------------------------------------------------------------------------
Path Group:  (none)
From Clock:  
  To Clock:  

Max Delay             4 Endpoints
Min Delay             4 Endpoints
--------------------------------------------------------------------------------------


Max Delay Paths
--------------------------------------------------------------------------------------
Slack:                    inf
  Source:                 I[0]
                            (input port)
  Destination:            O[0]
                            (output port)
  Path Group:             (none)
  Path Type:              Max at Slow Process Corner
  Data Path Delay:        8.770ns  (logic 5.318ns (60.633%)  route 3.453ns (39.367%))
  Logic Levels:           3  (IBUF=1 LUT3=1 OBUF=1)

    Location             Delay type                Incr(ns)  Path(ns)    Netlist Resource(s)
  -------------------------------------------------------------------    -------------------
    V17                                               0.000     0.000 r  I[0] (IN)
                         net (fo=0)                   0.000     0.000    I[0]
    V17                  IBUF (Prop_ibuf_I_O)         1.453     1.453 r  I_IBUF[0]_inst/O
                         net (fo=4, routed)           1.375     2.828    I_IBUF[0]
    SLICE_X0Y12          LUT3 (Prop_lut3_I0_O)        0.152     2.980 r  O_OBUF[0]_inst_i_1/O
                         net (fo=1, routed)           2.078     5.057    O_OBUF[0]
    U16                  OBUF (Prop_obuf_I_O)         3.713     8.770 r  O_OBUF[0]_inst/O
                         net (fo=0)                   0.000     8.770    O[0]
    U16                                                               r  O[0] (OUT)
  -------------------------------------------------------------------    -------------------

Slack:                    inf
  Source:                 I[0]
                            (input port)
  Destination:            O[1]
                            (output port)
  Path Group:             (none)
  Path Type:              Max at Slow Process Corner
  Data Path Delay:        8.698ns  (logic 5.107ns (58.712%)  route 3.591ns (41.288%))
  Logic Levels:           3  (IBUF=1 LUT3=1 OBUF=1)

    Location             Delay type                Incr(ns)  Path(ns)    Netlist Resource(s)
  -------------------------------------------------------------------    -------------------
    V17                                               0.000     0.000 r  I[0] (IN)
                         net (fo=0)                   0.000     0.000    I[0]
    V17                  IBUF (Prop_ibuf_I_O)         1.453     1.453 r  I_IBUF[0]_inst/O
                         net (fo=4, routed)           1.160     2.613    I_IBUF[0]
    SLICE_X0Y12          LUT3 (Prop_lut3_I0_O)        0.124     2.737 r  O_OBUF[1]_inst_i_1/O
                         net (fo=1, routed)           2.431     5.168    O_OBUF[1]
    E19                  OBUF (Prop_obuf_I_O)         3.530     8.698 r  O_OBUF[1]_inst/O
                         net (fo=0)                   0.000     8.698    O[1]
    E19                                                               r  O[1] (OUT)
  -------------------------------------------------------------------    -------------------

Slack:                    inf
  Source:                 I[0]
                            (input port)
  Destination:            O[2]
                            (output port)
  Path Group:             (none)
  Path Type:              Max at Slow Process Corner
  Data Path Delay:        8.480ns  (logic 5.306ns (62.567%)  route 3.174ns (37.433%))
  Logic Levels:           3  (IBUF=1 LUT3=1 OBUF=1)

    Location             Delay type                Incr(ns)  Path(ns)    Netlist Resource(s)
  -------------------------------------------------------------------    -------------------
    V17                                               0.000     0.000 r  I[0] (IN)
                         net (fo=0)                   0.000     0.000    I[0]
    V17                  IBUF (Prop_ibuf_I_O)         1.453     1.453 r  I_IBUF[0]_inst/O
                         net (fo=4, routed)           1.160     2.613    I_IBUF[0]
    SLICE_X0Y12          LUT3 (Prop_lut3_I0_O)        0.150     2.763 r  O_OBUF[2]_inst_i_1/O
                         net (fo=1, routed)           2.014     4.777    O_OBUF[2]
    U19                  OBUF (Prop_obuf_I_O)         3.703     8.480 r  O_OBUF[2]_inst/O
                         net (fo=0)                   0.000     8.480    O[2]
    U19                                                               r  O[2] (OUT)
  -------------------------------------------------------------------    -------------------

Slack:                    inf
  Source:                 I[0]
                            (input port)
  Destination:            O[3]
                            (output port)
  Path Group:             (none)
  Path Type:              Max at Slow Process Corner
  Data Path Delay:        8.339ns  (logic 5.086ns (60.991%)  route 3.253ns (39.009%))
  Logic Levels:           3  (IBUF=1 LUT3=1 OBUF=1)

    Location             Delay type                Incr(ns)  Path(ns)    Netlist Resource(s)
  -------------------------------------------------------------------    -------------------
    V17                                               0.000     0.000 r  I[0] (IN)
                         net (fo=0)                   0.000     0.000    I[0]
    V17                  IBUF (Prop_ibuf_I_O)         1.453     1.453 r  I_IBUF[0]_inst/O
                         net (fo=4, routed)           1.375     2.828    I_IBUF[0]
    SLICE_X0Y12          LUT3 (Prop_lut3_I0_O)        0.124     2.952 r  O_OBUF[3]_inst_i_1/O
                         net (fo=1, routed)           1.878     4.830    O_OBUF[3]
    V19                  OBUF (Prop_obuf_I_O)         3.509     8.339 r  O_OBUF[3]_inst/O
                         net (fo=0)                   0.000     8.339    O[3]
    V19                                                               r  O[3] (OUT)
  -------------------------------------------------------------------    -------------------





Min Delay Paths
--------------------------------------------------------------------------------------
Slack:                    inf
  Source:                 I[2]
                            (input port)
  Destination:            O[3]
                            (output port)
  Path Group:             (none)
  Path Type:              Min at Fast Process Corner
  Data Path Delay:        2.306ns  (logic 1.487ns (64.468%)  route 0.820ns (35.532%))
  Logic Levels:           3  (IBUF=1 LUT3=1 OBUF=1)

    Location             Delay type                Incr(ns)  Path(ns)    Netlist Resource(s)
  -------------------------------------------------------------------    -------------------
    W16                                               0.000     0.000 r  I[2] (IN)
                         net (fo=0)                   0.000     0.000    I[2]
    W16                  IBUF (Prop_ibuf_I_O)         0.232     0.232 r  I_IBUF[2]_inst/O
                         net (fo=4, routed)           0.405     0.637    I_IBUF[2]
    SLICE_X0Y12          LUT3 (Prop_lut3_I2_O)        0.045     0.682 r  O_OBUF[3]_inst_i_1/O
                         net (fo=1, routed)           0.414     1.096    O_OBUF[3]
    V19                  OBUF (Prop_obuf_I_O)         1.210     2.306 r  O_OBUF[3]_inst/O
                         net (fo=0)                   0.000     2.306    O[3]
    V19                                                               r  O[3] (OUT)
  -------------------------------------------------------------------    -------------------

Slack:                    inf
  Source:                 I[2]
                            (input port)
  Destination:            O[2]
                            (output port)
  Path Group:             (none)
  Path Type:              Min at Fast Process Corner
  Data Path Delay:        2.428ns  (logic 1.544ns (63.599%)  route 0.884ns (36.401%))
  Logic Levels:           3  (IBUF=1 LUT3=1 OBUF=1)

    Location             Delay type                Incr(ns)  Path(ns)    Netlist Resource(s)
  -------------------------------------------------------------------    -------------------
    W16                                               0.000     0.000 f  I[2] (IN)
                         net (fo=0)                   0.000     0.000    I[2]
    W16                  IBUF (Prop_ibuf_I_O)         0.232     0.232 f  I_IBUF[2]_inst/O
                         net (fo=4, routed)           0.404     0.636    I_IBUF[2]
    SLICE_X0Y12          LUT3 (Prop_lut3_I1_O)        0.048     0.684 r  O_OBUF[2]_inst_i_1/O
                         net (fo=1, routed)           0.479     1.163    O_OBUF[2]
    U19                  OBUF (Prop_obuf_I_O)         1.264     2.428 r  O_OBUF[2]_inst/O
                         net (fo=0)                   0.000     2.428    O[2]
    U19                                                               r  O[2] (OUT)
  -------------------------------------------------------------------    -------------------

Slack:                    inf
  Source:                 I[1]
                            (input port)
  Destination:            O[0]
                            (output port)
  Path Group:             (none)
  Path Type:              Min at Fast Process Corner
  Data Path Delay:        2.456ns  (logic 1.545ns (62.926%)  route 0.910ns (37.074%))
  Logic Levels:           3  (IBUF=1 LUT3=1 OBUF=1)

    Location             Delay type                Incr(ns)  Path(ns)    Netlist Resource(s)
  -------------------------------------------------------------------    -------------------
    V16                                               0.000     0.000 f  I[1] (IN)
                         net (fo=0)                   0.000     0.000    I[1]
    V16                  IBUF (Prop_ibuf_I_O)         0.229     0.229 f  I_IBUF[1]_inst/O
                         net (fo=4, routed)           0.409     0.638    I_IBUF[1]
    SLICE_X0Y12          LUT3 (Prop_lut3_I1_O)        0.043     0.681 r  O_OBUF[0]_inst_i_1/O
                         net (fo=1, routed)           0.502     1.183    O_OBUF[0]
    U16                  OBUF (Prop_obuf_I_O)         1.273     2.456 r  O_OBUF[0]_inst/O
                         net (fo=0)                   0.000     2.456    O[0]
    U16                                                               r  O[0] (OUT)
  -------------------------------------------------------------------    -------------------

Slack:                    inf
  Source:                 I[2]
                            (input port)
  Destination:            O[1]
                            (output port)
  Path Group:             (none)
  Path Type:              Min at Fast Process Corner
  Data Path Delay:        2.546ns  (logic 1.507ns (59.213%)  route 1.038ns (40.787%))
  Logic Levels:           3  (IBUF=1 LUT3=1 OBUF=1)

    Location             Delay type                Incr(ns)  Path(ns)    Netlist Resource(s)
  -------------------------------------------------------------------    -------------------
    W16                                               0.000     0.000 r  I[2] (IN)
                         net (fo=0)                   0.000     0.000    I[2]
    W16                  IBUF (Prop_ibuf_I_O)         0.232     0.232 r  I_IBUF[2]_inst/O
                         net (fo=4, routed)           0.404     0.636    I_IBUF[2]
    SLICE_X0Y12          LUT3 (Prop_lut3_I2_O)        0.045     0.681 r  O_OBUF[1]_inst_i_1/O
                         net (fo=1, routed)           0.634     1.315    O_OBUF[1]
    E19                  OBUF (Prop_obuf_I_O)         1.231     2.546 r  O_OBUF[1]_inst/O
                         net (fo=0)                   0.000     2.546    O[1]
    E19                                                               r  O[1] (OUT)
  -------------------------------------------------------------------    -------------------





